   29
  168
   57
    2
   27
   48
   36
    1
    4
    9
   93
    1
    3
   54
    9
   53
   32
    6
    8
    1
   49
    2
  112
   51
    5
   64
  150
   96
  899
    8
   86
   90
    6
   24
    2
    1
    1
   34
    1
   84
    1
   36
  236
    2
   22
   36
    1
    8
    5
  124
    2
    1
   54
    1
    4
    1
    1
   71
   62
    4
   31
    8
   47
   47
   15
    1
   41
   37
   40
   52
   31
    2
    4
  201
   31
  100
    1
   84
    1
    1
   58
    1
    1
  540
    1
    4
   92
    2
   73
   24
  104
   88
  190
   74
    4
   97
    5
    2
   47
    2
